Performing C SOURCE FILE Test CMAKE_HAVE_LIBC_PTHREAD failed with the following output:
Change Dir: /home/mu/workspace/apollo_supplement/补充代码/calib/pose_align/build/CMakeFiles/CMakeTmp

Run Build Command(s):/usr/bin/make -f Makefile cmTC_06a5d/fast && /usr/bin/make  -f CMakeFiles/cmTC_06a5d.dir/build.make CMakeFiles/cmTC_06a5d.dir/build
make[1]: Entering directory '/home/mu/workspace/apollo_supplement/补充代码/calib/pose_align/build/CMakeFiles/CMakeTmp'
Building C object CMakeFiles/cmTC_06a5d.dir/src.c.o
/usr/bin/cc -DCMAKE_HAVE_LIBC_PTHREAD   -o CMakeFiles/cmTC_06a5d.dir/src.c.o -c /home/mu/workspace/apollo_supplement/补充代码/calib/pose_align/build/CMakeFiles/CMakeTmp/src.c
Linking C executable cmTC_06a5d
/usr/local/bin/cmake -E cmake_link_script CMakeFiles/cmTC_06a5d.dir/link.txt --verbose=1
/usr/bin/cc -rdynamic CMakeFiles/cmTC_06a5d.dir/src.c.o -o cmTC_06a5d 
CMakeFiles/cmTC_06a5d.dir/src.c.o: In function `main':
src.c:(.text+0x3e): undefined reference to `pthread_create'
src.c:(.text+0x4a): undefined reference to `pthread_detach'
src.c:(.text+0x56): undefined reference to `pthread_cancel'
src.c:(.text+0x67): undefined reference to `pthread_join'
src.c:(.text+0x7b): undefined reference to `pthread_atfork'
collect2: error: ld returned 1 exit status
CMakeFiles/cmTC_06a5d.dir/build.make:98: recipe for target 'cmTC_06a5d' failed
make[1]: *** [cmTC_06a5d] Error 1
make[1]: Leaving directory '/home/mu/workspace/apollo_supplement/补充代码/calib/pose_align/build/CMakeFiles/CMakeTmp'
Makefile:127: recipe for target 'cmTC_06a5d/fast' failed
make: *** [cmTC_06a5d/fast] Error 2


Source file was:
#include <pthread.h>

static void* test_func(void* data)
{
  return data;
}

int main(void)
{
  pthread_t thread;
  pthread_create(&thread, NULL, test_func, NULL);
  pthread_detach(thread);
  pthread_cancel(thread);
  pthread_join(thread, NULL);
  pthread_atfork(NULL, NULL, NULL);
  pthread_exit(NULL);

  return 0;
}

Determining if the function pthread_create exists in the pthreads failed with the following output:
Change Dir: /home/mu/workspace/apollo_supplement/补充代码/calib/pose_align/build/CMakeFiles/CMakeTmp

Run Build Command(s):/usr/bin/make -f Makefile cmTC_a0be5/fast && /usr/bin/make  -f CMakeFiles/cmTC_a0be5.dir/build.make CMakeFiles/cmTC_a0be5.dir/build
make[1]: Entering directory '/home/mu/workspace/apollo_supplement/补充代码/calib/pose_align/build/CMakeFiles/CMakeTmp'
Building C object CMakeFiles/cmTC_a0be5.dir/CheckFunctionExists.c.o
/usr/bin/cc   -DCHECK_FUNCTION_EXISTS=pthread_create -o CMakeFiles/cmTC_a0be5.dir/CheckFunctionExists.c.o -c /usr/local/share/cmake-3.22/Modules/CheckFunctionExists.c
Linking C executable cmTC_a0be5
/usr/local/bin/cmake -E cmake_link_script CMakeFiles/cmTC_a0be5.dir/link.txt --verbose=1
/usr/bin/cc  -DCHECK_FUNCTION_EXISTS=pthread_create -rdynamic CMakeFiles/cmTC_a0be5.dir/CheckFunctionExists.c.o -o cmTC_a0be5  -lpthreads 
/usr/bin/ld: cannot find -lpthreads
collect2: error: ld returned 1 exit status
CMakeFiles/cmTC_a0be5.dir/build.make:98: recipe for target 'cmTC_a0be5' failed
make[1]: *** [cmTC_a0be5] Error 1
make[1]: Leaving directory '/home/mu/workspace/apollo_supplement/补充代码/calib/pose_align/build/CMakeFiles/CMakeTmp'
Makefile:127: recipe for target 'cmTC_a0be5/fast' failed
make: *** [cmTC_a0be5/fast] Error 2



