Performing C SOURCE FILE Test CMAKE_HAVE_LIBC_PTHREAD failed with the following output:
Change Dir: /home/chen/apollo_supplement/补充代码/code/lidar_camera_calib/build/CMakeFiles/CMakeTmp

Run Build Command(s):/usr/bin/make cmTC_4ed1e/fast && /usr/bin/make -f CMakeFiles/cmTC_4ed1e.dir/build.make CMakeFiles/cmTC_4ed1e.dir/build
make[1]: Entering directory '/home/chen/apollo_supplement/补充代码/code/lidar_camera_calib/build/CMakeFiles/CMakeTmp'
Building C object CMakeFiles/cmTC_4ed1e.dir/src.c.o
/usr/bin/cc   -DCMAKE_HAVE_LIBC_PTHREAD   -o CMakeFiles/cmTC_4ed1e.dir/src.c.o   -c /home/chen/apollo_supplement/补充代码/code/lidar_camera_calib/build/CMakeFiles/CMakeTmp/src.c
Linking C executable cmTC_4ed1e
/opt/cmake-3.15.0/bin/cmake -E cmake_link_script CMakeFiles/cmTC_4ed1e.dir/link.txt --verbose=1
/usr/bin/cc  -DCMAKE_HAVE_LIBC_PTHREAD    CMakeFiles/cmTC_4ed1e.dir/src.c.o  -o cmTC_4ed1e 
CMakeFiles/cmTC_4ed1e.dir/src.c.o：在函数‘main’中：
src.c:(.text+0x3c)：对‘pthread_create’未定义的引用
src.c:(.text+0x48)：对‘pthread_detach’未定义的引用
src.c:(.text+0x59)：对‘pthread_join’未定义的引用
src.c:(.text+0x6d)：对‘pthread_atfork’未定义的引用
collect2: error: ld returned 1 exit status
CMakeFiles/cmTC_4ed1e.dir/build.make:86: recipe for target 'cmTC_4ed1e' failed
make[1]: *** [cmTC_4ed1e] Error 1
make[1]: Leaving directory '/home/chen/apollo_supplement/补充代码/code/lidar_camera_calib/build/CMakeFiles/CMakeTmp'
Makefile:121: recipe for target 'cmTC_4ed1e/fast' failed
make: *** [cmTC_4ed1e/fast] Error 2


Source file was:
#include <pthread.h>

void* test_func(void* data)
{
  return data;
}

int main(void)
{
  pthread_t thread;
  pthread_create(&thread, NULL, test_func, NULL);
  pthread_detach(thread);
  pthread_join(thread, NULL);
  pthread_atfork(NULL, NULL, NULL);
  pthread_exit(NULL);

  return 0;
}

Determining if the function pthread_create exists in the pthreads failed with the following output:
Change Dir: /home/chen/apollo_supplement/补充代码/code/lidar_camera_calib/build/CMakeFiles/CMakeTmp

Run Build Command(s):/usr/bin/make cmTC_9f180/fast && /usr/bin/make -f CMakeFiles/cmTC_9f180.dir/build.make CMakeFiles/cmTC_9f180.dir/build
make[1]: Entering directory '/home/chen/apollo_supplement/补充代码/code/lidar_camera_calib/build/CMakeFiles/CMakeTmp'
Building C object CMakeFiles/cmTC_9f180.dir/CheckFunctionExists.c.o
/usr/bin/cc   -DCHECK_FUNCTION_EXISTS=pthread_create   -o CMakeFiles/cmTC_9f180.dir/CheckFunctionExists.c.o   -c /opt/cmake-3.15.0/share/cmake-3.15/Modules/CheckFunctionExists.c
Linking C executable cmTC_9f180
/opt/cmake-3.15.0/bin/cmake -E cmake_link_script CMakeFiles/cmTC_9f180.dir/link.txt --verbose=1
/usr/bin/cc  -DCHECK_FUNCTION_EXISTS=pthread_create    CMakeFiles/cmTC_9f180.dir/CheckFunctionExists.c.o  -o cmTC_9f180 -lpthreads 
/usr/bin/x86_64-linux-gnu-ld: 找不到 -lpthreads
collect2: error: ld returned 1 exit status
CMakeFiles/cmTC_9f180.dir/build.make:86: recipe for target 'cmTC_9f180' failed
make[1]: *** [cmTC_9f180] Error 1
make[1]: Leaving directory '/home/chen/apollo_supplement/补充代码/code/lidar_camera_calib/build/CMakeFiles/CMakeTmp'
Makefile:121: recipe for target 'cmTC_9f180/fast' failed
make: *** [cmTC_9f180/fast] Error 2



